INFO - 2024-05-03 19:59:23 --> Session: Class initialized using 'CodeIgniter\Session\Handlers\FileHandler' driver.
INFO - 2024-05-03 19:59:23 --> Session: Class initialized using 'CodeIgniter\Session\Handlers\FileHandler' driver.
INFO - 2024-05-03 19:59:23 --> Session: Class initialized using 'CodeIgniter\Session\Handlers\FileHandler' driver.
INFO - 2024-05-03 19:59:23 --> Session: Class initialized using 'CodeIgniter\Session\Handlers\FileHandler' driver.
INFO - 2024-05-03 19:59:23 --> Session: Class initialized using 'CodeIgniter\Session\Handlers\FileHandler' driver.
INFO - 2024-05-03 19:59:24 --> Session: Class initialized using 'CodeIgniter\Session\Handlers\FileHandler' driver.
INFO - 2024-05-03 19:59:24 --> Session: Class initialized using 'CodeIgniter\Session\Handlers\FileHandler' driver.
INFO - 2024-05-03 19:59:24 --> Session: Class initialized using 'CodeIgniter\Session\Handlers\FileHandler' driver.
INFO - 2024-05-03 19:59:24 --> Session: Class initialized using 'CodeIgniter\Session\Handlers\FileHandler' driver.
INFO - 2024-05-03 19:59:24 --> Session: Class initialized using 'CodeIgniter\Session\Handlers\FileHandler' driver.
INFO - 2024-05-03 19:59:24 --> Session: Class initialized using 'CodeIgniter\Session\Handlers\FileHandler' driver.
INFO - 2024-05-03 19:59:25 --> Session: Class initialized using 'CodeIgniter\Session\Handlers\FileHandler' driver.
INFO - 2024-05-03 19:59:25 --> Session: Class initialized using 'CodeIgniter\Session\Handlers\FileHandler' driver.
INFO - 2024-05-03 19:59:25 --> Session: Class initialized using 'CodeIgniter\Session\Handlers\FileHandler' driver.
INFO - 2024-05-03 19:59:25 --> Session: Class initialized using 'CodeIgniter\Session\Handlers\FileHandler' driver.
INFO - 2024-05-03 19:59:25 --> Session: Class initialized using 'CodeIgniter\Session\Handlers\FileHandler' driver.
INFO - 2024-05-03 19:59:25 --> Session: Class initialized using 'CodeIgniter\Session\Handlers\FileHandler' driver.
INFO - 2024-05-03 19:59:26 --> Session: Class initialized using 'CodeIgniter\Session\Handlers\FileHandler' driver.
INFO - 2024-05-03 19:59:26 --> Session: Class initialized using 'CodeIgniter\Session\Handlers\FileHandler' driver.
INFO - 2024-05-03 19:59:26 --> Session: Class initialized using 'CodeIgniter\Session\Handlers\FileHandler' driver.
INFO - 2024-05-03 19:59:27 --> Session: Class initialized using 'CodeIgniter\Session\Handlers\FileHandler' driver.
INFO - 2024-05-03 19:59:28 --> Session: Class initialized using 'CodeIgniter\Session\Handlers\FileHandler' driver.
INFO - 2024-05-03 19:59:28 --> Session: Class initialized using 'CodeIgniter\Session\Handlers\FileHandler' driver.
INFO - 2024-05-03 19:59:28 --> Session: Class initialized using 'CodeIgniter\Session\Handlers\FileHandler' driver.
INFO - 2024-05-03 19:59:28 --> Session: Class initialized using 'CodeIgniter\Session\Handlers\FileHandler' driver.
INFO - 2024-05-03 19:59:29 --> Session: Class initialized using 'CodeIgniter\Session\Handlers\FileHandler' driver.
INFO - 2024-05-03 19:59:29 --> Session: Class initialized using 'CodeIgniter\Session\Handlers\FileHandler' driver.
INFO - 2024-05-03 19:59:29 --> Session: Class initialized using 'CodeIgniter\Session\Handlers\FileHandler' driver.
INFO - 2024-05-03 19:59:29 --> Session: Class initialized using 'CodeIgniter\Session\Handlers\FileHandler' driver.
INFO - 2024-05-03 19:59:29 --> Session: Class initialized using 'CodeIgniter\Session\Handlers\FileHandler' driver.
INFO - 2024-05-03 19:59:29 --> Session: Class initialized using 'CodeIgniter\Session\Handlers\FileHandler' driver.
INFO - 2024-05-03 19:59:30 --> Session: Class initialized using 'CodeIgniter\Session\Handlers\FileHandler' driver.
INFO - 2024-05-03 19:59:30 --> Session: Class initialized using 'CodeIgniter\Session\Handlers\FileHandler' driver.
INFO - 2024-05-03 19:59:31 --> Session: Class initialized using 'CodeIgniter\Session\Handlers\FileHandler' driver.
INFO - 2024-05-03 19:59:31 --> Session: Class initialized using 'CodeIgniter\Session\Handlers\FileHandler' driver.
INFO - 2024-05-03 19:59:32 --> Session: Class initialized using 'CodeIgniter\Session\Handlers\FileHandler' driver.
INFO - 2024-05-03 19:59:32 --> Session: Class initialized using 'CodeIgniter\Session\Handlers\FileHandler' driver.
INFO - 2024-05-03 19:59:32 --> Session: Class initialized using 'CodeIgniter\Session\Handlers\FileHandler' driver.
INFO - 2024-05-03 19:59:32 --> Session: Class initialized using 'CodeIgniter\Session\Handlers\FileHandler' driver.
INFO - 2024-05-03 19:59:32 --> Session: Class initialized using 'CodeIgniter\Session\Handlers\FileHandler' driver.
INFO - 2024-05-03 19:59:38 --> Session: Class initialized using 'CodeIgniter\Session\Handlers\FileHandler' driver.
INFO - 2024-05-03 19:59:38 --> Session: Class initialized using 'CodeIgniter\Session\Handlers\FileHandler' driver.
INFO - 2024-05-03 19:59:39 --> Session: Class initialized using 'CodeIgniter\Session\Handlers\FileHandler' driver.
INFO - 2024-05-03 19:59:39 --> Session: Class initialized using 'CodeIgniter\Session\Handlers\FileHandler' driver.
INFO - 2024-05-03 19:59:39 --> Session: Class initialized using 'CodeIgniter\Session\Handlers\FileHandler' driver.
INFO - 2024-05-03 19:59:39 --> Session: Class initialized using 'CodeIgniter\Session\Handlers\FileHandler' driver.
INFO - 2024-05-03 19:59:39 --> Session: Class initialized using 'CodeIgniter\Session\Handlers\FileHandler' driver.
INFO - 2024-05-03 19:59:39 --> Session: Class initialized using 'CodeIgniter\Session\Handlers\FileHandler' driver.
INFO - 2024-05-03 19:59:40 --> Session: Class initialized using 'CodeIgniter\Session\Handlers\FileHandler' driver.
INFO - 2024-05-03 19:59:40 --> Session: Class initialized using 'CodeIgniter\Session\Handlers\FileHandler' driver.
INFO - 2024-05-03 19:59:40 --> Session: Class initialized using 'CodeIgniter\Session\Handlers\FileHandler' driver.
INFO - 2024-05-03 19:59:40 --> Session: Class initialized using 'CodeIgniter\Session\Handlers\FileHandler' driver.
INFO - 2024-05-03 19:59:40 --> Session: Class initialized using 'CodeIgniter\Session\Handlers\FileHandler' driver.
INFO - 2024-05-03 19:59:40 --> Session: Class initialized using 'CodeIgniter\Session\Handlers\FileHandler' driver.
INFO - 2024-05-03 19:59:41 --> Session: Class initialized using 'CodeIgniter\Session\Handlers\FileHandler' driver.
INFO - 2024-05-03 19:59:41 --> Session: Class initialized using 'CodeIgniter\Session\Handlers\FileHandler' driver.
INFO - 2024-05-03 19:59:41 --> Session: Class initialized using 'CodeIgniter\Session\Handlers\FileHandler' driver.
INFO - 2024-05-03 19:59:41 --> Session: Class initialized using 'CodeIgniter\Session\Handlers\FileHandler' driver.
INFO - 2024-05-03 19:59:42 --> Session: Class initialized using 'CodeIgniter\Session\Handlers\FileHandler' driver.
INFO - 2024-05-03 19:59:42 --> Session: Class initialized using 'CodeIgniter\Session\Handlers\FileHandler' driver.
INFO - 2024-05-03 20:00:12 --> Session: Class initialized using 'CodeIgniter\Session\Handlers\FileHandler' driver.
INFO - 2024-05-03 20:00:13 --> Session: Class initialized using 'CodeIgniter\Session\Handlers\FileHandler' driver.
INFO - 2024-05-03 20:00:13 --> Session: Class initialized using 'CodeIgniter\Session\Handlers\FileHandler' driver.
INFO - 2024-05-03 20:00:13 --> Session: Class initialized using 'CodeIgniter\Session\Handlers\FileHandler' driver.
INFO - 2024-05-03 20:00:13 --> Session: Class initialized using 'CodeIgniter\Session\Handlers\FileHandler' driver.
INFO - 2024-05-03 20:00:14 --> Session: Class initialized using 'CodeIgniter\Session\Handlers\FileHandler' driver.
INFO - 2024-05-03 20:00:14 --> Session: Class initialized using 'CodeIgniter\Session\Handlers\FileHandler' driver.
INFO - 2024-05-03 20:00:14 --> Session: Class initialized using 'CodeIgniter\Session\Handlers\FileHandler' driver.
INFO - 2024-05-03 20:00:14 --> Session: Class initialized using 'CodeIgniter\Session\Handlers\FileHandler' driver.
INFO - 2024-05-03 20:00:15 --> Session: Class initialized using 'CodeIgniter\Session\Handlers\FileHandler' driver.
INFO - 2024-05-03 20:00:15 --> Session: Class initialized using 'CodeIgniter\Session\Handlers\FileHandler' driver.
INFO - 2024-05-03 20:00:15 --> Session: Class initialized using 'CodeIgniter\Session\Handlers\FileHandler' driver.
INFO - 2024-05-03 20:00:15 --> Session: Class initialized using 'CodeIgniter\Session\Handlers\FileHandler' driver.
INFO - 2024-05-03 20:00:15 --> Session: Class initialized using 'CodeIgniter\Session\Handlers\FileHandler' driver.
INFO - 2024-05-03 20:00:16 --> Session: Class initialized using 'CodeIgniter\Session\Handlers\FileHandler' driver.
INFO - 2024-05-03 20:00:31 --> Session: Class initialized using 'CodeIgniter\Session\Handlers\FileHandler' driver.
ERROR - 2024-05-03 20:00:49 --> Error connecting to the database: mysqli_sql_exception: No connection could be made because the target machine actively refused it in F:\PROJECT\CI4.3.7-Req-Form\system\Database\MySQLi\Connection.php:173
Stack trace:
#0 F:\PROJECT\CI4.3.7-Req-Form\system\Database\MySQLi\Connection.php(173): mysqli->real_connect('localhost', '', Object(SensitiveParameterValue), '', 3306, '', 0)
#1 F:\PROJECT\CI4.3.7-Req-Form\system\Database\BaseConnection.php(391): CodeIgniter\Database\MySQLi\Connection->connect(false)
#2 F:\PROJECT\CI4.3.7-Req-Form\system\Database\BaseConnection.php(574): CodeIgniter\Database\BaseConnection->initialize()
#3 F:\PROJECT\CI4.3.7-Req-Form\system\Database\BaseBuilder.php(1616): CodeIgniter\Database\BaseConnection->query('SELECT `gr`.`us...', Array, false)
#4 F:\PROJECT\CI4.3.7-Req-Form\system\Model.php(836): CodeIgniter\Database\BaseBuilder->get()
#5 F:\PROJECT\CI4.3.7-Req-Form\app\Models\Mlogin.php(23): CodeIgniter\Model->__call('get', Array)
#6 F:\PROJECT\CI4.3.7-Req-Form\app\Controllers\LoginController.php(36): App\Models\Mlogin->checking_username('agus')
#7 F:\PROJECT\CI4.3.7-Req-Form\system\CodeIgniter.php(932): App\Controllers\LoginController->login()
#8 F:\PROJECT\CI4.3.7-Req-Form\system\CodeIgniter.php(497): CodeIgniter\CodeIgniter->runController(Object(App\Controllers\LoginController))
#9 F:\PROJECT\CI4.3.7-Req-Form\system\CodeIgniter.php(366): CodeIgniter\CodeIgniter->handleRequest(NULL, Object(Config\Cache), false)
#10 F:\PROJECT\CI4.3.7-Req-Form\public\index.php(67): CodeIgniter\CodeIgniter->run()
#11 F:\PROJECT\CI4.3.7-Req-Form\system\Commands\Server\rewrite.php(47): require_once('F:\\PROJECT\\CI4....')
#12 {main}

Next CodeIgniter\Database\Exceptions\DatabaseException: No connection could be made because the target machine actively refused it in F:\PROJECT\CI4.3.7-Req-Form\system\Database\MySQLi\Connection.php:218
Stack trace:
#0 F:\PROJECT\CI4.3.7-Req-Form\system\Database\BaseConnection.php(391): CodeIgniter\Database\MySQLi\Connection->connect(false)
#1 F:\PROJECT\CI4.3.7-Req-Form\system\Database\BaseConnection.php(574): CodeIgniter\Database\BaseConnection->initialize()
#2 F:\PROJECT\CI4.3.7-Req-Form\system\Database\BaseBuilder.php(1616): CodeIgniter\Database\BaseConnection->query('SELECT `gr`.`us...', Array, false)
#3 F:\PROJECT\CI4.3.7-Req-Form\system\Model.php(836): CodeIgniter\Database\BaseBuilder->get()
#4 F:\PROJECT\CI4.3.7-Req-Form\app\Models\Mlogin.php(23): CodeIgniter\Model->__call('get', Array)
#5 F:\PROJECT\CI4.3.7-Req-Form\app\Controllers\LoginController.php(36): App\Models\Mlogin->checking_username('agus')
#6 F:\PROJECT\CI4.3.7-Req-Form\system\CodeIgniter.php(932): App\Controllers\LoginController->login()
#7 F:\PROJECT\CI4.3.7-Req-Form\system\CodeIgniter.php(497): CodeIgniter\CodeIgniter->runController(Object(App\Controllers\LoginController))
#8 F:\PROJECT\CI4.3.7-Req-Form\system\CodeIgniter.php(366): CodeIgniter\CodeIgniter->handleRequest(NULL, Object(Config\Cache), false)
#9 F:\PROJECT\CI4.3.7-Req-Form\public\index.php(67): CodeIgniter\CodeIgniter->run()
#10 F:\PROJECT\CI4.3.7-Req-Form\system\Commands\Server\rewrite.php(47): require_once('F:\\PROJECT\\CI4....')
#11 {main}
CRITICAL - 2024-05-03 20:00:49 --> Unable to connect to the database.
Main connection [MySQLi]: No connection could be made because the target machine actively refused it
in SYSTEMPATH\Database\BaseConnection.php on line 427.
 1 SYSTEMPATH\Database\BaseConnection.php(574): CodeIgniter\Database\BaseConnection->initialize()
 2 SYSTEMPATH\Database\BaseBuilder.php(1616): CodeIgniter\Database\BaseConnection->query('SELECT `gr`.`user_id`, `gr`.`user_name`, `gr`.`user_code`, `gr`.`user_password`, `gr`.`user_lastupdated`
FROM `pv_user`, `pv_user` as `gr`
WHERE `gr`.`user_name` = :gr.user_name:', [...], false)
 3 SYSTEMPATH\Model.php(836): CodeIgniter\Database\BaseBuilder->get()
 4 APPPATH\Models\Mlogin.php(23): CodeIgniter\Model->__call('get', [])
 5 APPPATH\Controllers\LoginController.php(36): App\Models\Mlogin->checking_username('agus')
 6 SYSTEMPATH\CodeIgniter.php(932): App\Controllers\LoginController->login()
 7 SYSTEMPATH\CodeIgniter.php(497): CodeIgniter\CodeIgniter->runController(Object(App\Controllers\LoginController))
 8 SYSTEMPATH\CodeIgniter.php(366): CodeIgniter\CodeIgniter->handleRequest(null, Object(Config\Cache), false)
 9 FCPATH\index.php(67): CodeIgniter\CodeIgniter->run()
10 SYSTEMPATH\Commands\Server\rewrite.php(47): require_once('F:\\PROJECT\\CI4.3.7-Req-Form\\public\\index.php')
ERROR - 2024-05-03 20:01:27 --> Error connecting to the database: mysqli_sql_exception: No connection could be made because the target machine actively refused it in F:\PROJECT\CI4.3.7-Req-Form\system\Database\MySQLi\Connection.php:173
Stack trace:
#0 F:\PROJECT\CI4.3.7-Req-Form\system\Database\MySQLi\Connection.php(173): mysqli->real_connect('localhost', 'root', Object(SensitiveParameterValue), 'u7723533_ims_de...', 3306, '', 0)
#1 F:\PROJECT\CI4.3.7-Req-Form\system\Database\BaseConnection.php(391): CodeIgniter\Database\MySQLi\Connection->connect(false)
#2 F:\PROJECT\CI4.3.7-Req-Form\system\Database\BaseConnection.php(574): CodeIgniter\Database\BaseConnection->initialize()
#3 F:\PROJECT\CI4.3.7-Req-Form\system\Database\BaseBuilder.php(1616): CodeIgniter\Database\BaseConnection->query('SELECT `gr`.`us...', Array, false)
#4 F:\PROJECT\CI4.3.7-Req-Form\system\Model.php(836): CodeIgniter\Database\BaseBuilder->get()
#5 F:\PROJECT\CI4.3.7-Req-Form\app\Models\Mlogin.php(23): CodeIgniter\Model->__call('get', Array)
#6 F:\PROJECT\CI4.3.7-Req-Form\app\Controllers\LoginController.php(36): App\Models\Mlogin->checking_username('agus')
#7 F:\PROJECT\CI4.3.7-Req-Form\system\CodeIgniter.php(932): App\Controllers\LoginController->login()
#8 F:\PROJECT\CI4.3.7-Req-Form\system\CodeIgniter.php(497): CodeIgniter\CodeIgniter->runController(Object(App\Controllers\LoginController))
#9 F:\PROJECT\CI4.3.7-Req-Form\system\CodeIgniter.php(366): CodeIgniter\CodeIgniter->handleRequest(NULL, Object(Config\Cache), false)
#10 F:\PROJECT\CI4.3.7-Req-Form\public\index.php(67): CodeIgniter\CodeIgniter->run()
#11 F:\PROJECT\CI4.3.7-Req-Form\system\Commands\Server\rewrite.php(47): require_once('F:\\PROJECT\\CI4....')
#12 {main}

Next CodeIgniter\Database\Exceptions\DatabaseException: No connection could be made because the target machine actively refused it in F:\PROJECT\CI4.3.7-Req-Form\system\Database\MySQLi\Connection.php:218
Stack trace:
#0 F:\PROJECT\CI4.3.7-Req-Form\system\Database\BaseConnection.php(391): CodeIgniter\Database\MySQLi\Connection->connect(false)
#1 F:\PROJECT\CI4.3.7-Req-Form\system\Database\BaseConnection.php(574): CodeIgniter\Database\BaseConnection->initialize()
#2 F:\PROJECT\CI4.3.7-Req-Form\system\Database\BaseBuilder.php(1616): CodeIgniter\Database\BaseConnection->query('SELECT `gr`.`us...', Array, false)
#3 F:\PROJECT\CI4.3.7-Req-Form\system\Model.php(836): CodeIgniter\Database\BaseBuilder->get()
#4 F:\PROJECT\CI4.3.7-Req-Form\app\Models\Mlogin.php(23): CodeIgniter\Model->__call('get', Array)
#5 F:\PROJECT\CI4.3.7-Req-Form\app\Controllers\LoginController.php(36): App\Models\Mlogin->checking_username('agus')
#6 F:\PROJECT\CI4.3.7-Req-Form\system\CodeIgniter.php(932): App\Controllers\LoginController->login()
#7 F:\PROJECT\CI4.3.7-Req-Form\system\CodeIgniter.php(497): CodeIgniter\CodeIgniter->runController(Object(App\Controllers\LoginController))
#8 F:\PROJECT\CI4.3.7-Req-Form\system\CodeIgniter.php(366): CodeIgniter\CodeIgniter->handleRequest(NULL, Object(Config\Cache), false)
#9 F:\PROJECT\CI4.3.7-Req-Form\public\index.php(67): CodeIgniter\CodeIgniter->run()
#10 F:\PROJECT\CI4.3.7-Req-Form\system\Commands\Server\rewrite.php(47): require_once('F:\\PROJECT\\CI4....')
#11 {main}
CRITICAL - 2024-05-03 20:01:27 --> Unable to connect to the database.
Main connection [MySQLi]: No connection could be made because the target machine actively refused it
in SYSTEMPATH\Database\BaseConnection.php on line 427.
 1 SYSTEMPATH\Database\BaseConnection.php(574): CodeIgniter\Database\BaseConnection->initialize()
 2 SYSTEMPATH\Database\BaseBuilder.php(1616): CodeIgniter\Database\BaseConnection->query('SELECT `gr`.`user_id`, `gr`.`user_name`, `gr`.`user_code`, `gr`.`user_password`, `gr`.`user_lastupdated`
FROM `pv_user`, `pv_user` as `gr`
WHERE `gr`.`user_name` = :gr.user_name:', [...], false)
 3 SYSTEMPATH\Model.php(836): CodeIgniter\Database\BaseBuilder->get()
 4 APPPATH\Models\Mlogin.php(23): CodeIgniter\Model->__call('get', [])
 5 APPPATH\Controllers\LoginController.php(36): App\Models\Mlogin->checking_username('agus')
 6 SYSTEMPATH\CodeIgniter.php(932): App\Controllers\LoginController->login()
 7 SYSTEMPATH\CodeIgniter.php(497): CodeIgniter\CodeIgniter->runController(Object(App\Controllers\LoginController))
 8 SYSTEMPATH\CodeIgniter.php(366): CodeIgniter\CodeIgniter->handleRequest(null, Object(Config\Cache), false)
 9 FCPATH\index.php(67): CodeIgniter\CodeIgniter->run()
10 SYSTEMPATH\Commands\Server\rewrite.php(47): require_once('F:\\PROJECT\\CI4.3.7-Req-Form\\public\\index.php')
INFO - 2024-05-03 20:01:29 --> Session: Class initialized using 'CodeIgniter\Session\Handlers\FileHandler' driver.
INFO - 2024-05-03 20:01:38 --> Session: Class initialized using 'CodeIgniter\Session\Handlers\FileHandler' driver.
INFO - 2024-05-03 20:01:38 --> Session: Class initialized using 'CodeIgniter\Session\Handlers\FileHandler' driver.
INFO - 2024-05-03 20:01:42 --> Session: Class initialized using 'CodeIgniter\Session\Handlers\FileHandler' driver.
INFO - 2024-05-03 20:01:44 --> Session: Class initialized using 'CodeIgniter\Session\Handlers\FileHandler' driver.
INFO - 2024-05-03 20:01:45 --> Session: Class initialized using 'CodeIgniter\Session\Handlers\FileHandler' driver.
INFO - 2024-05-03 20:01:45 --> Session: Class initialized using 'CodeIgniter\Session\Handlers\FileHandler' driver.
INFO - 2024-05-03 20:01:52 --> Session: Class initialized using 'CodeIgniter\Session\Handlers\FileHandler' driver.
INFO - 2024-05-03 20:01:52 --> Session: Class initialized using 'CodeIgniter\Session\Handlers\FileHandler' driver.
INFO - 2024-05-03 20:01:53 --> Session: Class initialized using 'CodeIgniter\Session\Handlers\FileHandler' driver.
INFO - 2024-05-03 20:01:57 --> Session: Class initialized using 'CodeIgniter\Session\Handlers\FileHandler' driver.
INFO - 2024-05-03 20:01:57 --> Session: Class initialized using 'CodeIgniter\Session\Handlers\FileHandler' driver.
INFO - 2024-05-03 20:26:39 --> Session: Class initialized using 'CodeIgniter\Session\Handlers\FileHandler' driver.
INFO - 2024-05-03 20:26:42 --> Session: Class initialized using 'CodeIgniter\Session\Handlers\FileHandler' driver.
INFO - 2024-05-03 20:27:56 --> Session: Class initialized using 'CodeIgniter\Session\Handlers\FileHandler' driver.
INFO - 2024-05-03 20:28:19 --> Session: Class initialized using 'CodeIgniter\Session\Handlers\FileHandler' driver.
INFO - 2024-05-03 20:28:19 --> Session: Class initialized using 'CodeIgniter\Session\Handlers\FileHandler' driver.
INFO - 2024-05-03 20:28:26 --> Session: Class initialized using 'CodeIgniter\Session\Handlers\FileHandler' driver.
INFO - 2024-05-03 20:28:29 --> Session: Class initialized using 'CodeIgniter\Session\Handlers\FileHandler' driver.
INFO - 2024-05-03 20:29:07 --> Session: Class initialized using 'CodeIgniter\Session\Handlers\FileHandler' driver.
INFO - 2024-05-03 20:34:51 --> Session: Class initialized using 'CodeIgniter\Session\Handlers\FileHandler' driver.
INFO - 2024-05-03 20:34:57 --> Session: Class initialized using 'CodeIgniter\Session\Handlers\FileHandler' driver.
INFO - 2024-05-03 20:34:57 --> Session: Class initialized using 'CodeIgniter\Session\Handlers\FileHandler' driver.
INFO - 2024-05-03 20:35:28 --> Session: Class initialized using 'CodeIgniter\Session\Handlers\FileHandler' driver.
INFO - 2024-05-03 20:35:29 --> Session: Class initialized using 'CodeIgniter\Session\Handlers\FileHandler' driver.
INFO - 2024-05-03 20:35:34 --> Session: Class initialized using 'CodeIgniter\Session\Handlers\FileHandler' driver.
INFO - 2024-05-03 20:35:34 --> Session: Class initialized using 'CodeIgniter\Session\Handlers\FileHandler' driver.
INFO - 2024-05-03 20:35:36 --> Session: Class initialized using 'CodeIgniter\Session\Handlers\FileHandler' driver.
INFO - 2024-05-03 20:35:38 --> Session: Class initialized using 'CodeIgniter\Session\Handlers\FileHandler' driver.
ERROR - 2024-05-03 20:35:38 --> Error connecting to the database: mysqli_sql_exception: Access denied for user 'root'@'localhost' (using password: YES) in F:\PROJECT\CI4.3.7-Req-Form\system\Database\MySQLi\Connection.php:173
Stack trace:
#0 F:\PROJECT\CI4.3.7-Req-Form\system\Database\MySQLi\Connection.php(173): mysqli->real_connect('localhost', 'root', Object(SensitiveParameterValue), 'u7723533_ims_de...', 3306, '', 0)
#1 F:\PROJECT\CI4.3.7-Req-Form\system\Database\BaseConnection.php(391): CodeIgniter\Database\MySQLi\Connection->connect(false)
#2 F:\PROJECT\CI4.3.7-Req-Form\system\Database\BaseConnection.php(574): CodeIgniter\Database\BaseConnection->initialize()
#3 F:\PROJECT\CI4.3.7-Req-Form\system\Database\BaseBuilder.php(1616): CodeIgniter\Database\BaseConnection->query('SELECT `goods_i...', Array, false)
#4 F:\PROJECT\CI4.3.7-Req-Form\system\Model.php(241): CodeIgniter\Database\BaseBuilder->get()
#5 F:\PROJECT\CI4.3.7-Req-Form\system\BaseModel.php(618): CodeIgniter\Model->doFindAll(0, 0)
#6 F:\PROJECT\CI4.3.7-Req-Form\app\Models\ItemModel.php(17): CodeIgniter\BaseModel->findAll()
#7 F:\PROJECT\CI4.3.7-Req-Form\app\Controllers\Home.php(29): App\Models\ItemModel->getItems()
#8 F:\PROJECT\CI4.3.7-Req-Form\system\CodeIgniter.php(932): App\Controllers\Home->createReq()
#9 F:\PROJECT\CI4.3.7-Req-Form\system\CodeIgniter.php(497): CodeIgniter\CodeIgniter->runController(Object(App\Controllers\Home))
#10 F:\PROJECT\CI4.3.7-Req-Form\system\CodeIgniter.php(366): CodeIgniter\CodeIgniter->handleRequest(NULL, Object(Config\Cache), false)
#11 F:\PROJECT\CI4.3.7-Req-Form\public\index.php(67): CodeIgniter\CodeIgniter->run()
#12 F:\PROJECT\CI4.3.7-Req-Form\system\Commands\Server\rewrite.php(47): require_once('F:\\PROJECT\\CI4....')
#13 {main}

Next CodeIgniter\Database\Exceptions\DatabaseException: Access denied for user '****'@'localhost' (using password: YES) in F:\PROJECT\CI4.3.7-Req-Form\system\Database\MySQLi\Connection.php:218
Stack trace:
#0 F:\PROJECT\CI4.3.7-Req-Form\system\Database\BaseConnection.php(391): CodeIgniter\Database\MySQLi\Connection->connect(false)
#1 F:\PROJECT\CI4.3.7-Req-Form\system\Database\BaseConnection.php(574): CodeIgniter\Database\BaseConnection->initialize()
#2 F:\PROJECT\CI4.3.7-Req-Form\system\Database\BaseBuilder.php(1616): CodeIgniter\Database\BaseConnection->query('SELECT `goods_i...', Array, false)
#3 F:\PROJECT\CI4.3.7-Req-Form\system\Model.php(241): CodeIgniter\Database\BaseBuilder->get()
#4 F:\PROJECT\CI4.3.7-Req-Form\system\BaseModel.php(618): CodeIgniter\Model->doFindAll(0, 0)
#5 F:\PROJECT\CI4.3.7-Req-Form\app\Models\ItemModel.php(17): CodeIgniter\BaseModel->findAll()
#6 F:\PROJECT\CI4.3.7-Req-Form\app\Controllers\Home.php(29): App\Models\ItemModel->getItems()
#7 F:\PROJECT\CI4.3.7-Req-Form\system\CodeIgniter.php(932): App\Controllers\Home->createReq()
#8 F:\PROJECT\CI4.3.7-Req-Form\system\CodeIgniter.php(497): CodeIgniter\CodeIgniter->runController(Object(App\Controllers\Home))
#9 F:\PROJECT\CI4.3.7-Req-Form\system\CodeIgniter.php(366): CodeIgniter\CodeIgniter->handleRequest(NULL, Object(Config\Cache), false)
#10 F:\PROJECT\CI4.3.7-Req-Form\public\index.php(67): CodeIgniter\CodeIgniter->run()
#11 F:\PROJECT\CI4.3.7-Req-Form\system\Commands\Server\rewrite.php(47): require_once('F:\\PROJECT\\CI4....')
#12 {main}
CRITICAL - 2024-05-03 20:35:38 --> Unable to connect to the database.
Main connection [MySQLi]: Access denied for user '****'@'localhost' (using password: YES)
in SYSTEMPATH\Database\BaseConnection.php on line 427.
 1 SYSTEMPATH\Database\BaseConnection.php(574): CodeIgniter\Database\BaseConnection->initialize()
 2 SYSTEMPATH\Database\BaseBuilder.php(1616): CodeIgniter\Database\BaseConnection->query('SELECT `goods_id` AS `item_id`, `goods_name` AS `item_name`
FROM `m_goods`
WHERE `goods_categoryid` = :goods_categoryid:', [...], false)
 3 SYSTEMPATH\Model.php(241): CodeIgniter\Database\BaseBuilder->get()
 4 SYSTEMPATH\BaseModel.php(618): CodeIgniter\Model->doFindAll(0, 0)
 5 APPPATH\Models\ItemModel.php(17): CodeIgniter\BaseModel->findAll()
 6 APPPATH\Controllers\Home.php(29): App\Models\ItemModel->getItems()
 7 SYSTEMPATH\CodeIgniter.php(932): App\Controllers\Home->createReq()
 8 SYSTEMPATH\CodeIgniter.php(497): CodeIgniter\CodeIgniter->runController(Object(App\Controllers\Home))
 9 SYSTEMPATH\CodeIgniter.php(366): CodeIgniter\CodeIgniter->handleRequest(null, Object(Config\Cache), false)
10 FCPATH\index.php(67): CodeIgniter\CodeIgniter->run()
11 SYSTEMPATH\Commands\Server\rewrite.php(47): require_once('F:\\PROJECT\\CI4.3.7-Req-Form\\public\\index.php')
INFO - 2024-05-03 20:36:01 --> Session: Class initialized using 'CodeIgniter\Session\Handlers\FileHandler' driver.
ERROR - 2024-05-03 20:36:01 --> Error connecting to the database: mysqli_sql_exception: Access denied for user 'root'@'localhost' (using password: YES) in F:\PROJECT\CI4.3.7-Req-Form\system\Database\MySQLi\Connection.php:173
Stack trace:
#0 F:\PROJECT\CI4.3.7-Req-Form\system\Database\MySQLi\Connection.php(173): mysqli->real_connect('localhost', 'root', Object(SensitiveParameterValue), 'u7723533_ims_de...', 3306, '', 0)
#1 F:\PROJECT\CI4.3.7-Req-Form\system\Database\BaseConnection.php(391): CodeIgniter\Database\MySQLi\Connection->connect(false)
#2 F:\PROJECT\CI4.3.7-Req-Form\system\Database\BaseConnection.php(574): CodeIgniter\Database\BaseConnection->initialize()
#3 F:\PROJECT\CI4.3.7-Req-Form\system\Database\BaseBuilder.php(1616): CodeIgniter\Database\BaseConnection->query('SELECT `goods_i...', Array, false)
#4 F:\PROJECT\CI4.3.7-Req-Form\system\Model.php(241): CodeIgniter\Database\BaseBuilder->get()
#5 F:\PROJECT\CI4.3.7-Req-Form\system\BaseModel.php(618): CodeIgniter\Model->doFindAll(0, 0)
#6 F:\PROJECT\CI4.3.7-Req-Form\app\Models\ItemModel.php(17): CodeIgniter\BaseModel->findAll()
#7 F:\PROJECT\CI4.3.7-Req-Form\app\Controllers\Home.php(29): App\Models\ItemModel->getItems()
#8 F:\PROJECT\CI4.3.7-Req-Form\system\CodeIgniter.php(932): App\Controllers\Home->createReq()
#9 F:\PROJECT\CI4.3.7-Req-Form\system\CodeIgniter.php(497): CodeIgniter\CodeIgniter->runController(Object(App\Controllers\Home))
#10 F:\PROJECT\CI4.3.7-Req-Form\system\CodeIgniter.php(366): CodeIgniter\CodeIgniter->handleRequest(NULL, Object(Config\Cache), false)
#11 F:\PROJECT\CI4.3.7-Req-Form\public\index.php(67): CodeIgniter\CodeIgniter->run()
#12 F:\PROJECT\CI4.3.7-Req-Form\system\Commands\Server\rewrite.php(47): require_once('F:\\PROJECT\\CI4....')
#13 {main}

Next CodeIgniter\Database\Exceptions\DatabaseException: Access denied for user '****'@'localhost' (using password: YES) in F:\PROJECT\CI4.3.7-Req-Form\system\Database\MySQLi\Connection.php:218
Stack trace:
#0 F:\PROJECT\CI4.3.7-Req-Form\system\Database\BaseConnection.php(391): CodeIgniter\Database\MySQLi\Connection->connect(false)
#1 F:\PROJECT\CI4.3.7-Req-Form\system\Database\BaseConnection.php(574): CodeIgniter\Database\BaseConnection->initialize()
#2 F:\PROJECT\CI4.3.7-Req-Form\system\Database\BaseBuilder.php(1616): CodeIgniter\Database\BaseConnection->query('SELECT `goods_i...', Array, false)
#3 F:\PROJECT\CI4.3.7-Req-Form\system\Model.php(241): CodeIgniter\Database\BaseBuilder->get()
#4 F:\PROJECT\CI4.3.7-Req-Form\system\BaseModel.php(618): CodeIgniter\Model->doFindAll(0, 0)
#5 F:\PROJECT\CI4.3.7-Req-Form\app\Models\ItemModel.php(17): CodeIgniter\BaseModel->findAll()
#6 F:\PROJECT\CI4.3.7-Req-Form\app\Controllers\Home.php(29): App\Models\ItemModel->getItems()
#7 F:\PROJECT\CI4.3.7-Req-Form\system\CodeIgniter.php(932): App\Controllers\Home->createReq()
#8 F:\PROJECT\CI4.3.7-Req-Form\system\CodeIgniter.php(497): CodeIgniter\CodeIgniter->runController(Object(App\Controllers\Home))
#9 F:\PROJECT\CI4.3.7-Req-Form\system\CodeIgniter.php(366): CodeIgniter\CodeIgniter->handleRequest(NULL, Object(Config\Cache), false)
#10 F:\PROJECT\CI4.3.7-Req-Form\public\index.php(67): CodeIgniter\CodeIgniter->run()
#11 F:\PROJECT\CI4.3.7-Req-Form\system\Commands\Server\rewrite.php(47): require_once('F:\\PROJECT\\CI4....')
#12 {main}
CRITICAL - 2024-05-03 20:36:01 --> Unable to connect to the database.
Main connection [MySQLi]: Access denied for user '****'@'localhost' (using password: YES)
in SYSTEMPATH\Database\BaseConnection.php on line 427.
 1 SYSTEMPATH\Database\BaseConnection.php(574): CodeIgniter\Database\BaseConnection->initialize()
 2 SYSTEMPATH\Database\BaseBuilder.php(1616): CodeIgniter\Database\BaseConnection->query('SELECT `goods_id` AS `item_id`, `goods_name` AS `item_name`
FROM `m_goods`
WHERE `goods_categoryid` = :goods_categoryid:', [...], false)
 3 SYSTEMPATH\Model.php(241): CodeIgniter\Database\BaseBuilder->get()
 4 SYSTEMPATH\BaseModel.php(618): CodeIgniter\Model->doFindAll(0, 0)
 5 APPPATH\Models\ItemModel.php(17): CodeIgniter\BaseModel->findAll()
 6 APPPATH\Controllers\Home.php(29): App\Models\ItemModel->getItems()
 7 SYSTEMPATH\CodeIgniter.php(932): App\Controllers\Home->createReq()
 8 SYSTEMPATH\CodeIgniter.php(497): CodeIgniter\CodeIgniter->runController(Object(App\Controllers\Home))
 9 SYSTEMPATH\CodeIgniter.php(366): CodeIgniter\CodeIgniter->handleRequest(null, Object(Config\Cache), false)
10 FCPATH\index.php(67): CodeIgniter\CodeIgniter->run()
11 SYSTEMPATH\Commands\Server\rewrite.php(47): require_once('F:\\PROJECT\\CI4.3.7-Req-Form\\public\\index.php')
INFO - 2024-05-03 20:36:13 --> Session: Class initialized using 'CodeIgniter\Session\Handlers\FileHandler' driver.
INFO - 2024-05-03 20:36:15 --> Session: Class initialized using 'CodeIgniter\Session\Handlers\FileHandler' driver.
ERROR - 2024-05-03 20:36:15 --> Error connecting to the database: mysqli_sql_exception: Access denied for user 'root'@'localhost' (using password: YES) in F:\PROJECT\CI4.3.7-Req-Form\system\Database\MySQLi\Connection.php:173
Stack trace:
#0 F:\PROJECT\CI4.3.7-Req-Form\system\Database\MySQLi\Connection.php(173): mysqli->real_connect('localhost', 'root', Object(SensitiveParameterValue), 'u7723533_ims_de...', 3306, '', 0)
#1 F:\PROJECT\CI4.3.7-Req-Form\system\Database\BaseConnection.php(391): CodeIgniter\Database\MySQLi\Connection->connect(false)
#2 F:\PROJECT\CI4.3.7-Req-Form\system\Database\BaseConnection.php(574): CodeIgniter\Database\BaseConnection->initialize()
#3 F:\PROJECT\CI4.3.7-Req-Form\system\Database\BaseBuilder.php(1616): CodeIgniter\Database\BaseConnection->query('SELECT `goods_i...', Array, false)
#4 F:\PROJECT\CI4.3.7-Req-Form\system\Model.php(241): CodeIgniter\Database\BaseBuilder->get()
#5 F:\PROJECT\CI4.3.7-Req-Form\system\BaseModel.php(618): CodeIgniter\Model->doFindAll(0, 0)
#6 F:\PROJECT\CI4.3.7-Req-Form\app\Models\ItemModel.php(17): CodeIgniter\BaseModel->findAll()
#7 F:\PROJECT\CI4.3.7-Req-Form\app\Controllers\Home.php(29): App\Models\ItemModel->getItems()
#8 F:\PROJECT\CI4.3.7-Req-Form\system\CodeIgniter.php(932): App\Controllers\Home->createReq()
#9 F:\PROJECT\CI4.3.7-Req-Form\system\CodeIgniter.php(497): CodeIgniter\CodeIgniter->runController(Object(App\Controllers\Home))
#10 F:\PROJECT\CI4.3.7-Req-Form\system\CodeIgniter.php(366): CodeIgniter\CodeIgniter->handleRequest(NULL, Object(Config\Cache), false)
#11 F:\PROJECT\CI4.3.7-Req-Form\public\index.php(67): CodeIgniter\CodeIgniter->run()
#12 F:\PROJECT\CI4.3.7-Req-Form\system\Commands\Server\rewrite.php(47): require_once('F:\\PROJECT\\CI4....')
#13 {main}

Next CodeIgniter\Database\Exceptions\DatabaseException: Access denied for user '****'@'localhost' (using password: YES) in F:\PROJECT\CI4.3.7-Req-Form\system\Database\MySQLi\Connection.php:218
Stack trace:
#0 F:\PROJECT\CI4.3.7-Req-Form\system\Database\BaseConnection.php(391): CodeIgniter\Database\MySQLi\Connection->connect(false)
#1 F:\PROJECT\CI4.3.7-Req-Form\system\Database\BaseConnection.php(574): CodeIgniter\Database\BaseConnection->initialize()
#2 F:\PROJECT\CI4.3.7-Req-Form\system\Database\BaseBuilder.php(1616): CodeIgniter\Database\BaseConnection->query('SELECT `goods_i...', Array, false)
#3 F:\PROJECT\CI4.3.7-Req-Form\system\Model.php(241): CodeIgniter\Database\BaseBuilder->get()
#4 F:\PROJECT\CI4.3.7-Req-Form\system\BaseModel.php(618): CodeIgniter\Model->doFindAll(0, 0)
#5 F:\PROJECT\CI4.3.7-Req-Form\app\Models\ItemModel.php(17): CodeIgniter\BaseModel->findAll()
#6 F:\PROJECT\CI4.3.7-Req-Form\app\Controllers\Home.php(29): App\Models\ItemModel->getItems()
#7 F:\PROJECT\CI4.3.7-Req-Form\system\CodeIgniter.php(932): App\Controllers\Home->createReq()
#8 F:\PROJECT\CI4.3.7-Req-Form\system\CodeIgniter.php(497): CodeIgniter\CodeIgniter->runController(Object(App\Controllers\Home))
#9 F:\PROJECT\CI4.3.7-Req-Form\system\CodeIgniter.php(366): CodeIgniter\CodeIgniter->handleRequest(NULL, Object(Config\Cache), false)
#10 F:\PROJECT\CI4.3.7-Req-Form\public\index.php(67): CodeIgniter\CodeIgniter->run()
#11 F:\PROJECT\CI4.3.7-Req-Form\system\Commands\Server\rewrite.php(47): require_once('F:\\PROJECT\\CI4....')
#12 {main}
CRITICAL - 2024-05-03 20:36:15 --> Unable to connect to the database.
Main connection [MySQLi]: Access denied for user '****'@'localhost' (using password: YES)
in SYSTEMPATH\Database\BaseConnection.php on line 427.
 1 SYSTEMPATH\Database\BaseConnection.php(574): CodeIgniter\Database\BaseConnection->initialize()
 2 SYSTEMPATH\Database\BaseBuilder.php(1616): CodeIgniter\Database\BaseConnection->query('SELECT `goods_id` AS `item_id`, `goods_name` AS `item_name`
FROM `m_goods`
WHERE `goods_categoryid` = :goods_categoryid:', [...], false)
 3 SYSTEMPATH\Model.php(241): CodeIgniter\Database\BaseBuilder->get()
 4 SYSTEMPATH\BaseModel.php(618): CodeIgniter\Model->doFindAll(0, 0)
 5 APPPATH\Models\ItemModel.php(17): CodeIgniter\BaseModel->findAll()
 6 APPPATH\Controllers\Home.php(29): App\Models\ItemModel->getItems()
 7 SYSTEMPATH\CodeIgniter.php(932): App\Controllers\Home->createReq()
 8 SYSTEMPATH\CodeIgniter.php(497): CodeIgniter\CodeIgniter->runController(Object(App\Controllers\Home))
 9 SYSTEMPATH\CodeIgniter.php(366): CodeIgniter\CodeIgniter->handleRequest(null, Object(Config\Cache), false)
10 FCPATH\index.php(67): CodeIgniter\CodeIgniter->run()
11 SYSTEMPATH\Commands\Server\rewrite.php(47): require_once('F:\\PROJECT\\CI4.3.7-Req-Form\\public\\index.php')
INFO - 2024-05-03 20:36:17 --> Session: Class initialized using 'CodeIgniter\Session\Handlers\FileHandler' driver.
INFO - 2024-05-03 20:37:02 --> Session: Class initialized using 'CodeIgniter\Session\Handlers\FileHandler' driver.
ERROR - 2024-05-03 20:37:02 --> Error connecting to the database: mysqli_sql_exception: Access denied for user 'root'@'localhost' (using password: YES) in F:\PROJECT\CI4.3.7-Req-Form\system\Database\MySQLi\Connection.php:173
Stack trace:
#0 F:\PROJECT\CI4.3.7-Req-Form\system\Database\MySQLi\Connection.php(173): mysqli->real_connect('localhost', 'root', Object(SensitiveParameterValue), 'u7723533_ims_de...', 3306, '', 0)
#1 F:\PROJECT\CI4.3.7-Req-Form\system\Database\BaseConnection.php(391): CodeIgniter\Database\MySQLi\Connection->connect(false)
#2 F:\PROJECT\CI4.3.7-Req-Form\system\Database\BaseConnection.php(574): CodeIgniter\Database\BaseConnection->initialize()
#3 F:\PROJECT\CI4.3.7-Req-Form\system\Database\BaseBuilder.php(1616): CodeIgniter\Database\BaseConnection->query('SELECT `goods_i...', Array, false)
#4 F:\PROJECT\CI4.3.7-Req-Form\system\Model.php(241): CodeIgniter\Database\BaseBuilder->get()
#5 F:\PROJECT\CI4.3.7-Req-Form\system\BaseModel.php(618): CodeIgniter\Model->doFindAll(0, 0)
#6 F:\PROJECT\CI4.3.7-Req-Form\app\Models\ItemModel.php(17): CodeIgniter\BaseModel->findAll()
#7 F:\PROJECT\CI4.3.7-Req-Form\app\Controllers\Home.php(29): App\Models\ItemModel->getItems()
#8 F:\PROJECT\CI4.3.7-Req-Form\system\CodeIgniter.php(932): App\Controllers\Home->createReq()
#9 F:\PROJECT\CI4.3.7-Req-Form\system\CodeIgniter.php(497): CodeIgniter\CodeIgniter->runController(Object(App\Controllers\Home))
#10 F:\PROJECT\CI4.3.7-Req-Form\system\CodeIgniter.php(366): CodeIgniter\CodeIgniter->handleRequest(NULL, Object(Config\Cache), false)
#11 F:\PROJECT\CI4.3.7-Req-Form\public\index.php(67): CodeIgniter\CodeIgniter->run()
#12 F:\PROJECT\CI4.3.7-Req-Form\system\Commands\Server\rewrite.php(47): require_once('F:\\PROJECT\\CI4....')
#13 {main}

Next CodeIgniter\Database\Exceptions\DatabaseException: Access denied for user '****'@'localhost' (using password: YES) in F:\PROJECT\CI4.3.7-Req-Form\system\Database\MySQLi\Connection.php:218
Stack trace:
#0 F:\PROJECT\CI4.3.7-Req-Form\system\Database\BaseConnection.php(391): CodeIgniter\Database\MySQLi\Connection->connect(false)
#1 F:\PROJECT\CI4.3.7-Req-Form\system\Database\BaseConnection.php(574): CodeIgniter\Database\BaseConnection->initialize()
#2 F:\PROJECT\CI4.3.7-Req-Form\system\Database\BaseBuilder.php(1616): CodeIgniter\Database\BaseConnection->query('SELECT `goods_i...', Array, false)
#3 F:\PROJECT\CI4.3.7-Req-Form\system\Model.php(241): CodeIgniter\Database\BaseBuilder->get()
#4 F:\PROJECT\CI4.3.7-Req-Form\system\BaseModel.php(618): CodeIgniter\Model->doFindAll(0, 0)
#5 F:\PROJECT\CI4.3.7-Req-Form\app\Models\ItemModel.php(17): CodeIgniter\BaseModel->findAll()
#6 F:\PROJECT\CI4.3.7-Req-Form\app\Controllers\Home.php(29): App\Models\ItemModel->getItems()
#7 F:\PROJECT\CI4.3.7-Req-Form\system\CodeIgniter.php(932): App\Controllers\Home->createReq()
#8 F:\PROJECT\CI4.3.7-Req-Form\system\CodeIgniter.php(497): CodeIgniter\CodeIgniter->runController(Object(App\Controllers\Home))
#9 F:\PROJECT\CI4.3.7-Req-Form\system\CodeIgniter.php(366): CodeIgniter\CodeIgniter->handleRequest(NULL, Object(Config\Cache), false)
#10 F:\PROJECT\CI4.3.7-Req-Form\public\index.php(67): CodeIgniter\CodeIgniter->run()
#11 F:\PROJECT\CI4.3.7-Req-Form\system\Commands\Server\rewrite.php(47): require_once('F:\\PROJECT\\CI4....')
#12 {main}
CRITICAL - 2024-05-03 20:37:02 --> Unable to connect to the database.
Main connection [MySQLi]: Access denied for user '****'@'localhost' (using password: YES)
in SYSTEMPATH\Database\BaseConnection.php on line 427.
 1 SYSTEMPATH\Database\BaseConnection.php(574): CodeIgniter\Database\BaseConnection->initialize()
 2 SYSTEMPATH\Database\BaseBuilder.php(1616): CodeIgniter\Database\BaseConnection->query('SELECT `goods_id` AS `item_id`, `goods_name` AS `item_name`
FROM `m_goods`
WHERE `goods_categoryid` = :goods_categoryid:', [...], false)
 3 SYSTEMPATH\Model.php(241): CodeIgniter\Database\BaseBuilder->get()
 4 SYSTEMPATH\BaseModel.php(618): CodeIgniter\Model->doFindAll(0, 0)
 5 APPPATH\Models\ItemModel.php(17): CodeIgniter\BaseModel->findAll()
 6 APPPATH\Controllers\Home.php(29): App\Models\ItemModel->getItems()
 7 SYSTEMPATH\CodeIgniter.php(932): App\Controllers\Home->createReq()
 8 SYSTEMPATH\CodeIgniter.php(497): CodeIgniter\CodeIgniter->runController(Object(App\Controllers\Home))
 9 SYSTEMPATH\CodeIgniter.php(366): CodeIgniter\CodeIgniter->handleRequest(null, Object(Config\Cache), false)
10 FCPATH\index.php(67): CodeIgniter\CodeIgniter->run()
11 SYSTEMPATH\Commands\Server\rewrite.php(47): require_once('F:\\PROJECT\\CI4.3.7-Req-Form\\public\\index.php')
INFO - 2024-05-03 20:37:03 --> Session: Class initialized using 'CodeIgniter\Session\Handlers\FileHandler' driver.
INFO - 2024-05-03 20:37:54 --> Session: Class initialized using 'CodeIgniter\Session\Handlers\FileHandler' driver.
INFO - 2024-05-03 20:37:57 --> Session: Class initialized using 'CodeIgniter\Session\Handlers\FileHandler' driver.
ERROR - 2024-05-03 20:37:57 --> Error connecting to the database: mysqli_sql_exception: Access denied for user 'root'@'localhost' (using password: YES) in F:\PROJECT\CI4.3.7-Req-Form\system\Database\MySQLi\Connection.php:173
Stack trace:
#0 F:\PROJECT\CI4.3.7-Req-Form\system\Database\MySQLi\Connection.php(173): mysqli->real_connect('localhost', 'root', Object(SensitiveParameterValue), 'u7723533_ims_de...', 3306, '', 0)
#1 F:\PROJECT\CI4.3.7-Req-Form\system\Database\BaseConnection.php(391): CodeIgniter\Database\MySQLi\Connection->connect(false)
#2 F:\PROJECT\CI4.3.7-Req-Form\system\Database\BaseConnection.php(574): CodeIgniter\Database\BaseConnection->initialize()
#3 F:\PROJECT\CI4.3.7-Req-Form\system\Database\BaseBuilder.php(1616): CodeIgniter\Database\BaseConnection->query('SELECT `goods_i...', Array, false)
#4 F:\PROJECT\CI4.3.7-Req-Form\system\Model.php(241): CodeIgniter\Database\BaseBuilder->get()
#5 F:\PROJECT\CI4.3.7-Req-Form\system\BaseModel.php(618): CodeIgniter\Model->doFindAll(0, 0)
#6 F:\PROJECT\CI4.3.7-Req-Form\app\Models\ItemModel.php(17): CodeIgniter\BaseModel->findAll()
#7 F:\PROJECT\CI4.3.7-Req-Form\app\Controllers\Home.php(29): App\Models\ItemModel->getItems()
#8 F:\PROJECT\CI4.3.7-Req-Form\system\CodeIgniter.php(932): App\Controllers\Home->createReq()
#9 F:\PROJECT\CI4.3.7-Req-Form\system\CodeIgniter.php(497): CodeIgniter\CodeIgniter->runController(Object(App\Controllers\Home))
#10 F:\PROJECT\CI4.3.7-Req-Form\system\CodeIgniter.php(366): CodeIgniter\CodeIgniter->handleRequest(NULL, Object(Config\Cache), false)
#11 F:\PROJECT\CI4.3.7-Req-Form\public\index.php(67): CodeIgniter\CodeIgniter->run()
#12 F:\PROJECT\CI4.3.7-Req-Form\system\Commands\Server\rewrite.php(47): require_once('F:\\PROJECT\\CI4....')
#13 {main}

Next CodeIgniter\Database\Exceptions\DatabaseException: Access denied for user '****'@'localhost' (using password: YES) in F:\PROJECT\CI4.3.7-Req-Form\system\Database\MySQLi\Connection.php:218
Stack trace:
#0 F:\PROJECT\CI4.3.7-Req-Form\system\Database\BaseConnection.php(391): CodeIgniter\Database\MySQLi\Connection->connect(false)
#1 F:\PROJECT\CI4.3.7-Req-Form\system\Database\BaseConnection.php(574): CodeIgniter\Database\BaseConnection->initialize()
#2 F:\PROJECT\CI4.3.7-Req-Form\system\Database\BaseBuilder.php(1616): CodeIgniter\Database\BaseConnection->query('SELECT `goods_i...', Array, false)
#3 F:\PROJECT\CI4.3.7-Req-Form\system\Model.php(241): CodeIgniter\Database\BaseBuilder->get()
#4 F:\PROJECT\CI4.3.7-Req-Form\system\BaseModel.php(618): CodeIgniter\Model->doFindAll(0, 0)
#5 F:\PROJECT\CI4.3.7-Req-Form\app\Models\ItemModel.php(17): CodeIgniter\BaseModel->findAll()
#6 F:\PROJECT\CI4.3.7-Req-Form\app\Controllers\Home.php(29): App\Models\ItemModel->getItems()
#7 F:\PROJECT\CI4.3.7-Req-Form\system\CodeIgniter.php(932): App\Controllers\Home->createReq()
#8 F:\PROJECT\CI4.3.7-Req-Form\system\CodeIgniter.php(497): CodeIgniter\CodeIgniter->runController(Object(App\Controllers\Home))
#9 F:\PROJECT\CI4.3.7-Req-Form\system\CodeIgniter.php(366): CodeIgniter\CodeIgniter->handleRequest(NULL, Object(Config\Cache), false)
#10 F:\PROJECT\CI4.3.7-Req-Form\public\index.php(67): CodeIgniter\CodeIgniter->run()
#11 F:\PROJECT\CI4.3.7-Req-Form\system\Commands\Server\rewrite.php(47): require_once('F:\\PROJECT\\CI4....')
#12 {main}
CRITICAL - 2024-05-03 20:37:57 --> Unable to connect to the database.
Main connection [MySQLi]: Access denied for user '****'@'localhost' (using password: YES)
in SYSTEMPATH\Database\BaseConnection.php on line 427.
 1 SYSTEMPATH\Database\BaseConnection.php(574): CodeIgniter\Database\BaseConnection->initialize()
 2 SYSTEMPATH\Database\BaseBuilder.php(1616): CodeIgniter\Database\BaseConnection->query('SELECT `goods_id` AS `item_id`, `goods_name` AS `item_name`
FROM `m_goods`
WHERE `goods_categoryid` = :goods_categoryid:', [...], false)
 3 SYSTEMPATH\Model.php(241): CodeIgniter\Database\BaseBuilder->get()
 4 SYSTEMPATH\BaseModel.php(618): CodeIgniter\Model->doFindAll(0, 0)
 5 APPPATH\Models\ItemModel.php(17): CodeIgniter\BaseModel->findAll()
 6 APPPATH\Controllers\Home.php(29): App\Models\ItemModel->getItems()
 7 SYSTEMPATH\CodeIgniter.php(932): App\Controllers\Home->createReq()
 8 SYSTEMPATH\CodeIgniter.php(497): CodeIgniter\CodeIgniter->runController(Object(App\Controllers\Home))
 9 SYSTEMPATH\CodeIgniter.php(366): CodeIgniter\CodeIgniter->handleRequest(null, Object(Config\Cache), false)
10 FCPATH\index.php(67): CodeIgniter\CodeIgniter->run()
11 SYSTEMPATH\Commands\Server\rewrite.php(47): require_once('F:\\PROJECT\\CI4.3.7-Req-Form\\public\\index.php')
INFO - 2024-05-03 20:38:56 --> Session: Class initialized using 'CodeIgniter\Session\Handlers\FileHandler' driver.
INFO - 2024-05-03 20:38:57 --> Session: Class initialized using 'CodeIgniter\Session\Handlers\FileHandler' driver.
INFO - 2024-05-03 20:38:59 --> Session: Class initialized using 'CodeIgniter\Session\Handlers\FileHandler' driver.
INFO - 2024-05-03 20:38:59 --> Session: Class initialized using 'CodeIgniter\Session\Handlers\FileHandler' driver.
INFO - 2024-05-03 20:39:04 --> Session: Class initialized using 'CodeIgniter\Session\Handlers\FileHandler' driver.
INFO - 2024-05-03 20:39:04 --> Session: Class initialized using 'CodeIgniter\Session\Handlers\FileHandler' driver.
INFO - 2024-05-03 20:39:07 --> Session: Class initialized using 'CodeIgniter\Session\Handlers\FileHandler' driver.
CRITICAL - 2024-05-03 22:46:42 --> Cannot redeclare Config\Database::$default
in APPPATH\Config\Database.php on line 55.
 1 [internal function]: CodeIgniter\Debug\Exceptions->shutdownHandler()
INFO - 2024-05-03 22:54:24 --> Session: Class initialized using 'CodeIgniter\Session\Handlers\FileHandler' driver.
INFO - 2024-05-03 22:54:30 --> Session: Class initialized using 'CodeIgniter\Session\Handlers\FileHandler' driver.
INFO - 2024-05-03 22:54:30 --> Session: Class initialized using 'CodeIgniter\Session\Handlers\FileHandler' driver.
INFO - 2024-05-03 23:14:06 --> Session: Class initialized using 'CodeIgniter\Session\Handlers\FileHandler' driver.
INFO - 2024-05-03 23:14:08 --> Session: Class initialized using 'CodeIgniter\Session\Handlers\FileHandler' driver.
INFO - 2024-05-03 23:14:08 --> Session: Class initialized using 'CodeIgniter\Session\Handlers\FileHandler' driver.
INFO - 2024-05-03 23:14:15 --> Session: Class initialized using 'CodeIgniter\Session\Handlers\FileHandler' driver.
INFO - 2024-05-03 23:14:15 --> Session: Class initialized using 'CodeIgniter\Session\Handlers\FileHandler' driver.
INFO - 2024-05-03 23:14:18 --> Session: Class initialized using 'CodeIgniter\Session\Handlers\FileHandler' driver.
INFO - 2024-05-03 23:14:19 --> Session: Class initialized using 'CodeIgniter\Session\Handlers\FileHandler' driver.
INFO - 2024-05-03 23:14:48 --> Session: Class initialized using 'CodeIgniter\Session\Handlers\FileHandler' driver.
INFO - 2024-05-03 23:16:07 --> Session: Class initialized using 'CodeIgniter\Session\Handlers\FileHandler' driver.
ERROR - 2024-05-03 23:16:07 --> Error connecting to the database: mysqli_sql_exception: Access denied for user 'root'@'localhost' (using password: NO) in F:\PROJECT\CI4.3.7-Req-Form\system\Database\MySQLi\Connection.php:173
Stack trace:
#0 F:\PROJECT\CI4.3.7-Req-Form\system\Database\MySQLi\Connection.php(173): mysqli->real_connect('localhost', 'root', Object(SensitiveParameterValue), 'u7723533_ims_de...', 3306, '', 0)
#1 F:\PROJECT\CI4.3.7-Req-Form\system\Database\BaseConnection.php(391): CodeIgniter\Database\MySQLi\Connection->connect(false)
#2 F:\PROJECT\CI4.3.7-Req-Form\system\Database\BaseConnection.php(574): CodeIgniter\Database\BaseConnection->initialize()
#3 F:\PROJECT\CI4.3.7-Req-Form\system\Database\BaseBuilder.php(1616): CodeIgniter\Database\BaseConnection->query('SELECT `goods_i...', Array, false)
#4 F:\PROJECT\CI4.3.7-Req-Form\system\Model.php(241): CodeIgniter\Database\BaseBuilder->get()
#5 F:\PROJECT\CI4.3.7-Req-Form\system\BaseModel.php(618): CodeIgniter\Model->doFindAll(0, 0)
#6 F:\PROJECT\CI4.3.7-Req-Form\app\Models\ItemModel.php(17): CodeIgniter\BaseModel->findAll()
#7 F:\PROJECT\CI4.3.7-Req-Form\app\Controllers\Home.php(29): App\Models\ItemModel->getItems()
#8 F:\PROJECT\CI4.3.7-Req-Form\system\CodeIgniter.php(932): App\Controllers\Home->createReq()
#9 F:\PROJECT\CI4.3.7-Req-Form\system\CodeIgniter.php(497): CodeIgniter\CodeIgniter->runController(Object(App\Controllers\Home))
#10 F:\PROJECT\CI4.3.7-Req-Form\system\CodeIgniter.php(366): CodeIgniter\CodeIgniter->handleRequest(NULL, Object(Config\Cache), false)
#11 F:\PROJECT\CI4.3.7-Req-Form\public\index.php(67): CodeIgniter\CodeIgniter->run()
#12 F:\PROJECT\CI4.3.7-Req-Form\system\Commands\Server\rewrite.php(47): require_once('F:\\PROJECT\\CI4....')
#13 {main}

Next CodeIgniter\Database\Exceptions\DatabaseException: Access denied for user '****'@'localhost' (using password: NO) in F:\PROJECT\CI4.3.7-Req-Form\system\Database\MySQLi\Connection.php:218
Stack trace:
#0 F:\PROJECT\CI4.3.7-Req-Form\system\Database\BaseConnection.php(391): CodeIgniter\Database\MySQLi\Connection->connect(false)
#1 F:\PROJECT\CI4.3.7-Req-Form\system\Database\BaseConnection.php(574): CodeIgniter\Database\BaseConnection->initialize()
#2 F:\PROJECT\CI4.3.7-Req-Form\system\Database\BaseBuilder.php(1616): CodeIgniter\Database\BaseConnection->query('SELECT `goods_i...', Array, false)
#3 F:\PROJECT\CI4.3.7-Req-Form\system\Model.php(241): CodeIgniter\Database\BaseBuilder->get()
#4 F:\PROJECT\CI4.3.7-Req-Form\system\BaseModel.php(618): CodeIgniter\Model->doFindAll(0, 0)
#5 F:\PROJECT\CI4.3.7-Req-Form\app\Models\ItemModel.php(17): CodeIgniter\BaseModel->findAll()
#6 F:\PROJECT\CI4.3.7-Req-Form\app\Controllers\Home.php(29): App\Models\ItemModel->getItems()
#7 F:\PROJECT\CI4.3.7-Req-Form\system\CodeIgniter.php(932): App\Controllers\Home->createReq()
#8 F:\PROJECT\CI4.3.7-Req-Form\system\CodeIgniter.php(497): CodeIgniter\CodeIgniter->runController(Object(App\Controllers\Home))
#9 F:\PROJECT\CI4.3.7-Req-Form\system\CodeIgniter.php(366): CodeIgniter\CodeIgniter->handleRequest(NULL, Object(Config\Cache), false)
#10 F:\PROJECT\CI4.3.7-Req-Form\public\index.php(67): CodeIgniter\CodeIgniter->run()
#11 F:\PROJECT\CI4.3.7-Req-Form\system\Commands\Server\rewrite.php(47): require_once('F:\\PROJECT\\CI4....')
#12 {main}
CRITICAL - 2024-05-03 23:16:07 --> Unable to connect to the database.
Main connection [MySQLi]: Access denied for user '****'@'localhost' (using password: NO)
in SYSTEMPATH\Database\BaseConnection.php on line 427.
 1 SYSTEMPATH\Database\BaseConnection.php(574): CodeIgniter\Database\BaseConnection->initialize()
 2 SYSTEMPATH\Database\BaseBuilder.php(1616): CodeIgniter\Database\BaseConnection->query('SELECT `goods_id` AS `item_id`, `goods_name` AS `item_name`
FROM `m_goods`
WHERE `goods_categoryid` = :goods_categoryid:', [...], false)
 3 SYSTEMPATH\Model.php(241): CodeIgniter\Database\BaseBuilder->get()
 4 SYSTEMPATH\BaseModel.php(618): CodeIgniter\Model->doFindAll(0, 0)
 5 APPPATH\Models\ItemModel.php(17): CodeIgniter\BaseModel->findAll()
 6 APPPATH\Controllers\Home.php(29): App\Models\ItemModel->getItems()
 7 SYSTEMPATH\CodeIgniter.php(932): App\Controllers\Home->createReq()
 8 SYSTEMPATH\CodeIgniter.php(497): CodeIgniter\CodeIgniter->runController(Object(App\Controllers\Home))
 9 SYSTEMPATH\CodeIgniter.php(366): CodeIgniter\CodeIgniter->handleRequest(null, Object(Config\Cache), false)
10 FCPATH\index.php(67): CodeIgniter\CodeIgniter->run()
11 SYSTEMPATH\Commands\Server\rewrite.php(47): require_once('F:\\PROJECT\\CI4.3.7-Req-Form\\public\\index.php')
INFO - 2024-05-03 23:16:31 --> Session: Class initialized using 'CodeIgniter\Session\Handlers\FileHandler' driver.
INFO - 2024-05-03 23:17:54 --> Session: Class initialized using 'CodeIgniter\Session\Handlers\FileHandler' driver.
INFO - 2024-05-03 23:18:54 --> Session: Class initialized using 'CodeIgniter\Session\Handlers\FileHandler' driver.
