INFO - 2024-05-04 03:35:51 --> Session: Class initialized using 'CodeIgniter\Session\Handlers\FileHandler' driver.
INFO - 2024-05-04 03:35:53 --> Session: Class initialized using 'CodeIgniter\Session\Handlers\FileHandler' driver.
INFO - 2024-05-04 03:36:02 --> Session: Class initialized using 'CodeIgniter\Session\Handlers\FileHandler' driver.
INFO - 2024-05-04 03:36:03 --> Session: Class initialized using 'CodeIgniter\Session\Handlers\FileHandler' driver.
INFO - 2024-05-04 03:38:49 --> Session: Class initialized using 'CodeIgniter\Session\Handlers\FileHandler' driver.
INFO - 2024-05-04 03:38:49 --> Session: Class initialized using 'CodeIgniter\Session\Handlers\FileHandler' driver.
INFO - 2024-05-04 03:38:53 --> Session: Class initialized using 'CodeIgniter\Session\Handlers\FileHandler' driver.
INFO - 2024-05-04 03:38:56 --> Session: Class initialized using 'CodeIgniter\Session\Handlers\FileHandler' driver.
INFO - 2024-05-04 03:38:57 --> Session: Class initialized using 'CodeIgniter\Session\Handlers\FileHandler' driver.
INFO - 2024-05-04 03:45:11 --> Session: Class initialized using 'CodeIgniter\Session\Handlers\FileHandler' driver.
INFO - 2024-05-04 03:45:12 --> Session: Class initialized using 'CodeIgniter\Session\Handlers\FileHandler' driver.
INFO - 2024-05-04 03:48:45 --> Session: Class initialized using 'CodeIgniter\Session\Handlers\FileHandler' driver.
INFO - 2024-05-04 03:48:45 --> Session: Class initialized using 'CodeIgniter\Session\Handlers\FileHandler' driver.
INFO - 2024-05-04 03:55:59 --> Session: Class initialized using 'CodeIgniter\Session\Handlers\FileHandler' driver.
INFO - 2024-05-04 03:55:59 --> Session: Class initialized using 'CodeIgniter\Session\Handlers\FileHandler' driver.
INFO - 2024-05-04 03:56:48 --> Session: Class initialized using 'CodeIgniter\Session\Handlers\FileHandler' driver.
INFO - 2024-05-04 03:56:48 --> Session: Class initialized using 'CodeIgniter\Session\Handlers\FileHandler' driver.
INFO - 2024-05-04 03:57:14 --> Session: Class initialized using 'CodeIgniter\Session\Handlers\FileHandler' driver.
INFO - 2024-05-04 03:57:14 --> Session: Class initialized using 'CodeIgniter\Session\Handlers\FileHandler' driver.
INFO - 2024-05-04 04:05:26 --> Session: Class initialized using 'CodeIgniter\Session\Handlers\FileHandler' driver.
INFO - 2024-05-04 04:05:27 --> Session: Class initialized using 'CodeIgniter\Session\Handlers\FileHandler' driver.
INFO - 2024-05-04 04:05:38 --> Session: Class initialized using 'CodeIgniter\Session\Handlers\FileHandler' driver.
INFO - 2024-05-04 04:05:38 --> Session: Class initialized using 'CodeIgniter\Session\Handlers\FileHandler' driver.
INFO - 2024-05-04 04:05:49 --> Session: Class initialized using 'CodeIgniter\Session\Handlers\FileHandler' driver.
INFO - 2024-05-04 04:05:49 --> Session: Class initialized using 'CodeIgniter\Session\Handlers\FileHandler' driver.
ERROR - 2024-05-04 04:08:41 --> Error connecting to the database: mysqli_sql_exception: Access denied for user 'u7723533_ims_dev'@'114.124.207.118' (using password: YES) in F:\PROJECT\CI4.3.7-Req-Form\system\Database\MySQLi\Connection.php:173
Stack trace:
#0 F:\PROJECT\CI4.3.7-Req-Form\system\Database\MySQLi\Connection.php(173): mysqli->real_connect('spl-warehouse.i...', 'u7723533_ims_de...', Object(SensitiveParameterValue), 'u7723533_ims_de...', 3306, '', 0)
#1 F:\PROJECT\CI4.3.7-Req-Form\system\Database\BaseConnection.php(391): CodeIgniter\Database\MySQLi\Connection->connect(false)
#2 F:\PROJECT\CI4.3.7-Req-Form\system\Database\BaseConnection.php(574): CodeIgniter\Database\BaseConnection->initialize()
#3 F:\PROJECT\CI4.3.7-Req-Form\system\Database\BaseBuilder.php(1616): CodeIgniter\Database\BaseConnection->query('SELECT `gr`.`us...', Array, false)
#4 F:\PROJECT\CI4.3.7-Req-Form\system\Model.php(836): CodeIgniter\Database\BaseBuilder->get()
#5 F:\PROJECT\CI4.3.7-Req-Form\app\Models\Mlogin.php(18): CodeIgniter\Model->__call('get', Array)
#6 F:\PROJECT\CI4.3.7-Req-Form\app\Controllers\LoginController.php(32): App\Models\Mlogin->checking_username('zola')
#7 F:\PROJECT\CI4.3.7-Req-Form\system\CodeIgniter.php(932): App\Controllers\LoginController->login()
#8 F:\PROJECT\CI4.3.7-Req-Form\system\CodeIgniter.php(497): CodeIgniter\CodeIgniter->runController(Object(App\Controllers\LoginController))
#9 F:\PROJECT\CI4.3.7-Req-Form\system\CodeIgniter.php(366): CodeIgniter\CodeIgniter->handleRequest(NULL, Object(Config\Cache), false)
#10 F:\PROJECT\CI4.3.7-Req-Form\public\index.php(67): CodeIgniter\CodeIgniter->run()
#11 F:\PROJECT\CI4.3.7-Req-Form\system\Commands\Server\rewrite.php(47): require_once('F:\\PROJECT\\CI4....')
#12 {main}

Next CodeIgniter\Database\Exceptions\DatabaseException: Access denied for user '****'@'114.124.207.118' (using password: YES) in F:\PROJECT\CI4.3.7-Req-Form\system\Database\MySQLi\Connection.php:218
Stack trace:
#0 F:\PROJECT\CI4.3.7-Req-Form\system\Database\BaseConnection.php(391): CodeIgniter\Database\MySQLi\Connection->connect(false)
#1 F:\PROJECT\CI4.3.7-Req-Form\system\Database\BaseConnection.php(574): CodeIgniter\Database\BaseConnection->initialize()
#2 F:\PROJECT\CI4.3.7-Req-Form\system\Database\BaseBuilder.php(1616): CodeIgniter\Database\BaseConnection->query('SELECT `gr`.`us...', Array, false)
#3 F:\PROJECT\CI4.3.7-Req-Form\system\Model.php(836): CodeIgniter\Database\BaseBuilder->get()
#4 F:\PROJECT\CI4.3.7-Req-Form\app\Models\Mlogin.php(18): CodeIgniter\Model->__call('get', Array)
#5 F:\PROJECT\CI4.3.7-Req-Form\app\Controllers\LoginController.php(32): App\Models\Mlogin->checking_username('zola')
#6 F:\PROJECT\CI4.3.7-Req-Form\system\CodeIgniter.php(932): App\Controllers\LoginController->login()
#7 F:\PROJECT\CI4.3.7-Req-Form\system\CodeIgniter.php(497): CodeIgniter\CodeIgniter->runController(Object(App\Controllers\LoginController))
#8 F:\PROJECT\CI4.3.7-Req-Form\system\CodeIgniter.php(366): CodeIgniter\CodeIgniter->handleRequest(NULL, Object(Config\Cache), false)
#9 F:\PROJECT\CI4.3.7-Req-Form\public\index.php(67): CodeIgniter\CodeIgniter->run()
#10 F:\PROJECT\CI4.3.7-Req-Form\system\Commands\Server\rewrite.php(47): require_once('F:\\PROJECT\\CI4....')
#11 {main}
CRITICAL - 2024-05-04 04:08:41 --> Unable to connect to the database.
Main connection [MySQLi]: Access denied for user '****'@'114.124.207.118' (using password: YES)
in SYSTEMPATH\Database\BaseConnection.php on line 427.
 1 SYSTEMPATH\Database\BaseConnection.php(574): CodeIgniter\Database\BaseConnection->initialize()
 2 SYSTEMPATH\Database\BaseBuilder.php(1616): CodeIgniter\Database\BaseConnection->query('SELECT `gr`.`user_id`, `gr`.`user_name`, `gr`.`user_code`, `gr`.`user_password`, `gr`.`user_lastupdated`
FROM `pv_user`, `pv_user` as `gr`
WHERE `gr`.`user_name` = :gr.user_name:', [...], false)
 3 SYSTEMPATH\Model.php(836): CodeIgniter\Database\BaseBuilder->get()
 4 APPPATH\Models\Mlogin.php(18): CodeIgniter\Model->__call('get', [])
 5 APPPATH\Controllers\LoginController.php(32): App\Models\Mlogin->checking_username('zola')
 6 SYSTEMPATH\CodeIgniter.php(932): App\Controllers\LoginController->login()
 7 SYSTEMPATH\CodeIgniter.php(497): CodeIgniter\CodeIgniter->runController(Object(App\Controllers\LoginController))
 8 SYSTEMPATH\CodeIgniter.php(366): CodeIgniter\CodeIgniter->handleRequest(null, Object(Config\Cache), false)
 9 FCPATH\index.php(67): CodeIgniter\CodeIgniter->run()
10 SYSTEMPATH\Commands\Server\rewrite.php(47): require_once('F:\\PROJECT\\CI4.3.7-Req-Form\\public\\index.php')
ERROR - 2024-05-04 04:08:52 --> Error connecting to the database: mysqli_sql_exception: Access denied for user 'u7723533_ims_dev'@'114.124.207.118' (using password: YES) in F:\PROJECT\CI4.3.7-Req-Form\system\Database\MySQLi\Connection.php:173
Stack trace:
#0 F:\PROJECT\CI4.3.7-Req-Form\system\Database\MySQLi\Connection.php(173): mysqli->real_connect('spl-warehouse.i...', 'u7723533_ims_de...', Object(SensitiveParameterValue), 'u7723533_ims_de...', 3306, '', 0)
#1 F:\PROJECT\CI4.3.7-Req-Form\system\Database\BaseConnection.php(391): CodeIgniter\Database\MySQLi\Connection->connect(false)
#2 F:\PROJECT\CI4.3.7-Req-Form\system\Database\BaseConnection.php(574): CodeIgniter\Database\BaseConnection->initialize()
#3 F:\PROJECT\CI4.3.7-Req-Form\system\Database\BaseBuilder.php(1616): CodeIgniter\Database\BaseConnection->query('SELECT `gr`.`us...', Array, false)
#4 F:\PROJECT\CI4.3.7-Req-Form\system\Model.php(836): CodeIgniter\Database\BaseBuilder->get()
#5 F:\PROJECT\CI4.3.7-Req-Form\app\Models\Mlogin.php(18): CodeIgniter\Model->__call('get', Array)
#6 F:\PROJECT\CI4.3.7-Req-Form\app\Controllers\LoginController.php(32): App\Models\Mlogin->checking_username('zola')
#7 F:\PROJECT\CI4.3.7-Req-Form\system\CodeIgniter.php(932): App\Controllers\LoginController->login()
#8 F:\PROJECT\CI4.3.7-Req-Form\system\CodeIgniter.php(497): CodeIgniter\CodeIgniter->runController(Object(App\Controllers\LoginController))
#9 F:\PROJECT\CI4.3.7-Req-Form\system\CodeIgniter.php(366): CodeIgniter\CodeIgniter->handleRequest(NULL, Object(Config\Cache), false)
#10 F:\PROJECT\CI4.3.7-Req-Form\public\index.php(67): CodeIgniter\CodeIgniter->run()
#11 F:\PROJECT\CI4.3.7-Req-Form\system\Commands\Server\rewrite.php(47): require_once('F:\\PROJECT\\CI4....')
#12 {main}

Next CodeIgniter\Database\Exceptions\DatabaseException: Access denied for user '****'@'114.124.207.118' (using password: YES) in F:\PROJECT\CI4.3.7-Req-Form\system\Database\MySQLi\Connection.php:218
Stack trace:
#0 F:\PROJECT\CI4.3.7-Req-Form\system\Database\BaseConnection.php(391): CodeIgniter\Database\MySQLi\Connection->connect(false)
#1 F:\PROJECT\CI4.3.7-Req-Form\system\Database\BaseConnection.php(574): CodeIgniter\Database\BaseConnection->initialize()
#2 F:\PROJECT\CI4.3.7-Req-Form\system\Database\BaseBuilder.php(1616): CodeIgniter\Database\BaseConnection->query('SELECT `gr`.`us...', Array, false)
#3 F:\PROJECT\CI4.3.7-Req-Form\system\Model.php(836): CodeIgniter\Database\BaseBuilder->get()
#4 F:\PROJECT\CI4.3.7-Req-Form\app\Models\Mlogin.php(18): CodeIgniter\Model->__call('get', Array)
#5 F:\PROJECT\CI4.3.7-Req-Form\app\Controllers\LoginController.php(32): App\Models\Mlogin->checking_username('zola')
#6 F:\PROJECT\CI4.3.7-Req-Form\system\CodeIgniter.php(932): App\Controllers\LoginController->login()
#7 F:\PROJECT\CI4.3.7-Req-Form\system\CodeIgniter.php(497): CodeIgniter\CodeIgniter->runController(Object(App\Controllers\LoginController))
#8 F:\PROJECT\CI4.3.7-Req-Form\system\CodeIgniter.php(366): CodeIgniter\CodeIgniter->handleRequest(NULL, Object(Config\Cache), false)
#9 F:\PROJECT\CI4.3.7-Req-Form\public\index.php(67): CodeIgniter\CodeIgniter->run()
#10 F:\PROJECT\CI4.3.7-Req-Form\system\Commands\Server\rewrite.php(47): require_once('F:\\PROJECT\\CI4....')
#11 {main}
CRITICAL - 2024-05-04 04:08:52 --> Unable to connect to the database.
Main connection [MySQLi]: Access denied for user '****'@'114.124.207.118' (using password: YES)
in SYSTEMPATH\Database\BaseConnection.php on line 427.
 1 SYSTEMPATH\Database\BaseConnection.php(574): CodeIgniter\Database\BaseConnection->initialize()
 2 SYSTEMPATH\Database\BaseBuilder.php(1616): CodeIgniter\Database\BaseConnection->query('SELECT `gr`.`user_id`, `gr`.`user_name`, `gr`.`user_code`, `gr`.`user_password`, `gr`.`user_lastupdated`
FROM `pv_user`, `pv_user` as `gr`
WHERE `gr`.`user_name` = :gr.user_name:', [...], false)
 3 SYSTEMPATH\Model.php(836): CodeIgniter\Database\BaseBuilder->get()
 4 APPPATH\Models\Mlogin.php(18): CodeIgniter\Model->__call('get', [])
 5 APPPATH\Controllers\LoginController.php(32): App\Models\Mlogin->checking_username('zola')
 6 SYSTEMPATH\CodeIgniter.php(932): App\Controllers\LoginController->login()
 7 SYSTEMPATH\CodeIgniter.php(497): CodeIgniter\CodeIgniter->runController(Object(App\Controllers\LoginController))
 8 SYSTEMPATH\CodeIgniter.php(366): CodeIgniter\CodeIgniter->handleRequest(null, Object(Config\Cache), false)
 9 FCPATH\index.php(67): CodeIgniter\CodeIgniter->run()
10 SYSTEMPATH\Commands\Server\rewrite.php(47): require_once('F:\\PROJECT\\CI4.3.7-Req-Form\\public\\index.php')
ERROR - 2024-05-04 04:09:00 --> Error connecting to the database: mysqli_sql_exception: Access denied for user 'u7723533_ims_dev'@'114.124.207.118' (using password: YES) in F:\PROJECT\CI4.3.7-Req-Form\system\Database\MySQLi\Connection.php:173
Stack trace:
#0 F:\PROJECT\CI4.3.7-Req-Form\system\Database\MySQLi\Connection.php(173): mysqli->real_connect('spl-warehouse.i...', 'u7723533_ims_de...', Object(SensitiveParameterValue), 'u7723533_ims_de...', 3306, '', 0)
#1 F:\PROJECT\CI4.3.7-Req-Form\system\Database\BaseConnection.php(391): CodeIgniter\Database\MySQLi\Connection->connect(false)
#2 F:\PROJECT\CI4.3.7-Req-Form\system\Database\BaseConnection.php(574): CodeIgniter\Database\BaseConnection->initialize()
#3 F:\PROJECT\CI4.3.7-Req-Form\system\Database\BaseBuilder.php(1616): CodeIgniter\Database\BaseConnection->query('SELECT `gr`.`us...', Array, false)
#4 F:\PROJECT\CI4.3.7-Req-Form\system\Model.php(836): CodeIgniter\Database\BaseBuilder->get()
#5 F:\PROJECT\CI4.3.7-Req-Form\app\Models\Mlogin.php(18): CodeIgniter\Model->__call('get', Array)
#6 F:\PROJECT\CI4.3.7-Req-Form\app\Controllers\LoginController.php(32): App\Models\Mlogin->checking_username('zola')
#7 F:\PROJECT\CI4.3.7-Req-Form\system\CodeIgniter.php(932): App\Controllers\LoginController->login()
#8 F:\PROJECT\CI4.3.7-Req-Form\system\CodeIgniter.php(497): CodeIgniter\CodeIgniter->runController(Object(App\Controllers\LoginController))
#9 F:\PROJECT\CI4.3.7-Req-Form\system\CodeIgniter.php(366): CodeIgniter\CodeIgniter->handleRequest(NULL, Object(Config\Cache), false)
#10 F:\PROJECT\CI4.3.7-Req-Form\public\index.php(67): CodeIgniter\CodeIgniter->run()
#11 F:\PROJECT\CI4.3.7-Req-Form\system\Commands\Server\rewrite.php(47): require_once('F:\\PROJECT\\CI4....')
#12 {main}

Next CodeIgniter\Database\Exceptions\DatabaseException: Access denied for user '****'@'114.124.207.118' (using password: YES) in F:\PROJECT\CI4.3.7-Req-Form\system\Database\MySQLi\Connection.php:218
Stack trace:
#0 F:\PROJECT\CI4.3.7-Req-Form\system\Database\BaseConnection.php(391): CodeIgniter\Database\MySQLi\Connection->connect(false)
#1 F:\PROJECT\CI4.3.7-Req-Form\system\Database\BaseConnection.php(574): CodeIgniter\Database\BaseConnection->initialize()
#2 F:\PROJECT\CI4.3.7-Req-Form\system\Database\BaseBuilder.php(1616): CodeIgniter\Database\BaseConnection->query('SELECT `gr`.`us...', Array, false)
#3 F:\PROJECT\CI4.3.7-Req-Form\system\Model.php(836): CodeIgniter\Database\BaseBuilder->get()
#4 F:\PROJECT\CI4.3.7-Req-Form\app\Models\Mlogin.php(18): CodeIgniter\Model->__call('get', Array)
#5 F:\PROJECT\CI4.3.7-Req-Form\app\Controllers\LoginController.php(32): App\Models\Mlogin->checking_username('zola')
#6 F:\PROJECT\CI4.3.7-Req-Form\system\CodeIgniter.php(932): App\Controllers\LoginController->login()
#7 F:\PROJECT\CI4.3.7-Req-Form\system\CodeIgniter.php(497): CodeIgniter\CodeIgniter->runController(Object(App\Controllers\LoginController))
#8 F:\PROJECT\CI4.3.7-Req-Form\system\CodeIgniter.php(366): CodeIgniter\CodeIgniter->handleRequest(NULL, Object(Config\Cache), false)
#9 F:\PROJECT\CI4.3.7-Req-Form\public\index.php(67): CodeIgniter\CodeIgniter->run()
#10 F:\PROJECT\CI4.3.7-Req-Form\system\Commands\Server\rewrite.php(47): require_once('F:\\PROJECT\\CI4....')
#11 {main}
CRITICAL - 2024-05-04 04:09:00 --> Unable to connect to the database.
Main connection [MySQLi]: Access denied for user '****'@'114.124.207.118' (using password: YES)
in SYSTEMPATH\Database\BaseConnection.php on line 427.
 1 SYSTEMPATH\Database\BaseConnection.php(574): CodeIgniter\Database\BaseConnection->initialize()
 2 SYSTEMPATH\Database\BaseBuilder.php(1616): CodeIgniter\Database\BaseConnection->query('SELECT `gr`.`user_id`, `gr`.`user_name`, `gr`.`user_code`, `gr`.`user_password`, `gr`.`user_lastupdated`
FROM `pv_user`, `pv_user` as `gr`
WHERE `gr`.`user_name` = :gr.user_name:', [...], false)
 3 SYSTEMPATH\Model.php(836): CodeIgniter\Database\BaseBuilder->get()
 4 APPPATH\Models\Mlogin.php(18): CodeIgniter\Model->__call('get', [])
 5 APPPATH\Controllers\LoginController.php(32): App\Models\Mlogin->checking_username('zola')
 6 SYSTEMPATH\CodeIgniter.php(932): App\Controllers\LoginController->login()
 7 SYSTEMPATH\CodeIgniter.php(497): CodeIgniter\CodeIgniter->runController(Object(App\Controllers\LoginController))
 8 SYSTEMPATH\CodeIgniter.php(366): CodeIgniter\CodeIgniter->handleRequest(null, Object(Config\Cache), false)
 9 FCPATH\index.php(67): CodeIgniter\CodeIgniter->run()
10 SYSTEMPATH\Commands\Server\rewrite.php(47): require_once('F:\\PROJECT\\CI4.3.7-Req-Form\\public\\index.php')
INFO - 2024-05-04 04:09:29 --> Session: Class initialized using 'CodeIgniter\Session\Handlers\FileHandler' driver.
INFO - 2024-05-04 04:09:29 --> Session: Class initialized using 'CodeIgniter\Session\Handlers\FileHandler' driver.
INFO - 2024-05-04 04:09:59 --> Session: Class initialized using 'CodeIgniter\Session\Handlers\FileHandler' driver.
INFO - 2024-05-04 04:10:00 --> Session: Class initialized using 'CodeIgniter\Session\Handlers\FileHandler' driver.
INFO - 2024-05-04 04:10:06 --> Session: Class initialized using 'CodeIgniter\Session\Handlers\FileHandler' driver.
INFO - 2024-05-04 04:10:07 --> Session: Class initialized using 'CodeIgniter\Session\Handlers\FileHandler' driver.
CRITICAL - 2024-05-04 04:12:29 --> Undefined variable $additional_data
in APPPATH\Controllers\LoginController.php on line 107.
 1 APPPATH\Controllers\LoginController.php(107): CodeIgniter\Debug\Exceptions->errorHandler(2, 'Undefined variable $additional_data', 'F:\\PROJECT\\CI4.3.7-Req-Form\\app\\Controllers\\LoginController.php', 107)
 2 SYSTEMPATH\CodeIgniter.php(932): App\Controllers\LoginController->register()
 3 SYSTEMPATH\CodeIgniter.php(497): CodeIgniter\CodeIgniter->runController(Object(App\Controllers\LoginController))
 4 SYSTEMPATH\CodeIgniter.php(366): CodeIgniter\CodeIgniter->handleRequest(null, Object(Config\Cache), false)
 5 FCPATH\index.php(67): CodeIgniter\CodeIgniter->run()
 6 SYSTEMPATH\Commands\Server\rewrite.php(47): require_once('F:\\PROJECT\\CI4.3.7-Req-Form\\public\\index.php')
CRITICAL - 2024-05-04 04:13:07 --> Call to undefined method App\Models\Mlogin::add_user
in SYSTEMPATH\Model.php on line 838.
 1 APPPATH\Controllers\LoginController.php(111): CodeIgniter\Model->__call('add_user', [...])
 2 SYSTEMPATH\CodeIgniter.php(932): App\Controllers\LoginController->register()
 3 SYSTEMPATH\CodeIgniter.php(497): CodeIgniter\CodeIgniter->runController(Object(App\Controllers\LoginController))
 4 SYSTEMPATH\CodeIgniter.php(366): CodeIgniter\CodeIgniter->handleRequest(null, Object(Config\Cache), false)
 5 FCPATH\index.php(67): CodeIgniter\CodeIgniter->run()
 6 SYSTEMPATH\Commands\Server\rewrite.php(47): require_once('F:\\PROJECT\\CI4.3.7-Req-Form\\public\\index.php')
INFO - 2024-05-04 04:17:26 --> Session: Class initialized using 'CodeIgniter\Session\Handlers\FileHandler' driver.
INFO - 2024-05-04 11:14:33 --> Session: Class initialized using 'CodeIgniter\Session\Handlers\FileHandler' driver.
INFO - 2024-05-04 11:14:59 --> Session: Class initialized using 'CodeIgniter\Session\Handlers\FileHandler' driver.
INFO - 2024-05-04 11:14:59 --> Session: Class initialized using 'CodeIgniter\Session\Handlers\FileHandler' driver.
INFO - 2024-05-04 11:15:12 --> Session: Class initialized using 'CodeIgniter\Session\Handlers\FileHandler' driver.
INFO - 2024-05-04 11:15:12 --> Session: Class initialized using 'CodeIgniter\Session\Handlers\FileHandler' driver.
