ERROR - 2024-05-07 04:47:57 --> Error connecting to the database: mysqli_sql_exception: No connection could be made because the target machine actively refused it in F:\PROJECT\CI4.3.7-Req-Form\system\Database\MySQLi\Connection.php:173
Stack trace:
#0 F:\PROJECT\CI4.3.7-Req-Form\system\Database\MySQLi\Connection.php(173): mysqli->real_connect('localhost', 'root', Object(SensitiveParameterValue), 'u7723533_ims_de...', 3306, '', 0)
#1 F:\PROJECT\CI4.3.7-Req-Form\system\Database\BaseConnection.php(391): CodeIgniter\Database\MySQLi\Connection->connect(false)
#2 F:\PROJECT\CI4.3.7-Req-Form\system\Database\BaseConnection.php(574): CodeIgniter\Database\BaseConnection->initialize()
#3 F:\PROJECT\CI4.3.7-Req-Form\system\Database\BaseBuilder.php(1616): CodeIgniter\Database\BaseConnection->query('SELECT `gr`.`us...', Array, false)
#4 F:\PROJECT\CI4.3.7-Req-Form\system\Model.php(836): CodeIgniter\Database\BaseBuilder->get()
#5 F:\PROJECT\CI4.3.7-Req-Form\app\Models\Mlogin.php(19): CodeIgniter\Model->__call('get', Array)
#6 F:\PROJECT\CI4.3.7-Req-Form\app\Controllers\LoginController.php(32): App\Models\Mlogin->checking_username('agus')
#7 F:\PROJECT\CI4.3.7-Req-Form\system\CodeIgniter.php(932): App\Controllers\LoginController->login()
#8 F:\PROJECT\CI4.3.7-Req-Form\system\CodeIgniter.php(497): CodeIgniter\CodeIgniter->runController(Object(App\Controllers\LoginController))
#9 F:\PROJECT\CI4.3.7-Req-Form\system\CodeIgniter.php(366): CodeIgniter\CodeIgniter->handleRequest(NULL, Object(Config\Cache), false)
#10 F:\PROJECT\CI4.3.7-Req-Form\public\index.php(67): CodeIgniter\CodeIgniter->run()
#11 F:\PROJECT\CI4.3.7-Req-Form\system\Commands\Server\rewrite.php(47): require_once('F:\\PROJECT\\CI4....')
#12 {main}

Next CodeIgniter\Database\Exceptions\DatabaseException: No connection could be made because the target machine actively refused it in F:\PROJECT\CI4.3.7-Req-Form\system\Database\MySQLi\Connection.php:218
Stack trace:
#0 F:\PROJECT\CI4.3.7-Req-Form\system\Database\BaseConnection.php(391): CodeIgniter\Database\MySQLi\Connection->connect(false)
#1 F:\PROJECT\CI4.3.7-Req-Form\system\Database\BaseConnection.php(574): CodeIgniter\Database\BaseConnection->initialize()
#2 F:\PROJECT\CI4.3.7-Req-Form\system\Database\BaseBuilder.php(1616): CodeIgniter\Database\BaseConnection->query('SELECT `gr`.`us...', Array, false)
#3 F:\PROJECT\CI4.3.7-Req-Form\system\Model.php(836): CodeIgniter\Database\BaseBuilder->get()
#4 F:\PROJECT\CI4.3.7-Req-Form\app\Models\Mlogin.php(19): CodeIgniter\Model->__call('get', Array)
#5 F:\PROJECT\CI4.3.7-Req-Form\app\Controllers\LoginController.php(32): App\Models\Mlogin->checking_username('agus')
#6 F:\PROJECT\CI4.3.7-Req-Form\system\CodeIgniter.php(932): App\Controllers\LoginController->login()
#7 F:\PROJECT\CI4.3.7-Req-Form\system\CodeIgniter.php(497): CodeIgniter\CodeIgniter->runController(Object(App\Controllers\LoginController))
#8 F:\PROJECT\CI4.3.7-Req-Form\system\CodeIgniter.php(366): CodeIgniter\CodeIgniter->handleRequest(NULL, Object(Config\Cache), false)
#9 F:\PROJECT\CI4.3.7-Req-Form\public\index.php(67): CodeIgniter\CodeIgniter->run()
#10 F:\PROJECT\CI4.3.7-Req-Form\system\Commands\Server\rewrite.php(47): require_once('F:\\PROJECT\\CI4....')
#11 {main}
CRITICAL - 2024-05-07 04:47:57 --> Unable to connect to the database.
Main connection [MySQLi]: No connection could be made because the target machine actively refused it
in SYSTEMPATH\Database\BaseConnection.php on line 427.
 1 SYSTEMPATH\Database\BaseConnection.php(574): CodeIgniter\Database\BaseConnection->initialize()
 2 SYSTEMPATH\Database\BaseBuilder.php(1616): CodeIgniter\Database\BaseConnection->query('SELECT `gr`.`user_id`, `gr`.`user_name`, `gr`.`user_code`, `gr`.`user_password`, `gr`.`user_lastupdated`
FROM `pv_user`, `pv_user` as `gr`
WHERE `gr`.`user_name` = :gr.user_name:', [...], false)
 3 SYSTEMPATH\Model.php(836): CodeIgniter\Database\BaseBuilder->get()
 4 APPPATH\Models\Mlogin.php(19): CodeIgniter\Model->__call('get', [])
 5 APPPATH\Controllers\LoginController.php(32): App\Models\Mlogin->checking_username('agus')
 6 SYSTEMPATH\CodeIgniter.php(932): App\Controllers\LoginController->login()
 7 SYSTEMPATH\CodeIgniter.php(497): CodeIgniter\CodeIgniter->runController(Object(App\Controllers\LoginController))
 8 SYSTEMPATH\CodeIgniter.php(366): CodeIgniter\CodeIgniter->handleRequest(null, Object(Config\Cache), false)
 9 FCPATH\index.php(67): CodeIgniter\CodeIgniter->run()
10 SYSTEMPATH\Commands\Server\rewrite.php(47): require_once('F:\\PROJECT\\CI4.3.7-Req-Form\\public\\index.php')
